2022-05-27 12:39:31.4324 DEBUG debug message
2022-05-27 12:39:31.4529 INFO info message
2022-05-27 12:39:31.4529 WARN warn message
2022-05-27 12:39:31.4529 ERROR error message
2022-05-27 12:39:31.4529 FATAL fatal message
2022-05-27 12:44:17.5975 DEBUG debug message
2022-05-27 12:44:17.6175 INFO info message
2022-05-27 12:44:17.6175 WARN warn message
2022-05-27 12:44:17.6175 ERROR error message
2022-05-27 12:44:17.6175 FATAL fatal message
2022-05-27 12:47:40.3997 DEBUG debug message
2022-05-27 12:47:40.4207 INFO info message
2022-05-27 12:47:40.4207 WARN warn message
2022-05-27 12:47:40.4207 ERROR error message
2022-05-27 12:47:40.4207 FATAL fatal message
2022-05-27 16:53:17.0812 DEBUG debug message
2022-05-27 16:53:17.1112 INFO info message
2022-05-27 16:53:17.1112 WARN warn message
2022-05-27 16:53:17.1112 ERROR error message
2022-05-27 16:53:17.1112 FATAL fatal message
